---Для телефона---
Установка
pkg install nodejs

Создать папку в любом месте, например в папку Documents > bot

Установка библиотеки
cd /storage/emulated/0/Documents/bot
npm init, когда увидишь (index.js) пиши bot.js Имя и версию можно придать любую.
npm install discord.js

Для запуска пишем это
node bot.js(данные и файл в папке)

Если имеются ошибки исправляйте.

Готово!

--Для пк---
Установка на сайте
nodejs v12.3.1

Создаете папку на рабочем столе

Установка библиотеке в Visual Studio Code
npm init
npm discord.js

Готово!
